c:\users\leoqi\source\repos\comp371a2\comp371a1\debug\vc142.pdb
c:\users\leoqi\source\repos\comp371a2\comp371a1\debug\vc142.idb
c:\users\leoqi\source\repos\comp371a2\comp371a1\debug\sphere.obj
c:\users\leoqi\source\repos\comp371a2\comp371a1\debug\shader.obj
c:\users\leoqi\source\repos\comp371a2\comp371a1\debug\model.obj
c:\users\leoqi\source\repos\comp371a2\comp371a1\debug\mesh.obj
c:\users\leoqi\source\repos\comp371a2\comp371a1\debug\material.obj
c:\users\leoqi\source\repos\comp371a2\comp371a1\debug\main.obj
c:\users\leoqi\source\repos\comp371a2\comp371a1\debug\lightpoint.obj
c:\users\leoqi\source\repos\comp371a2 - 副本\comp371a1\debug\vc142.pdb
c:\users\leoqi\source\repos\comp371a2 - 副本\comp371a1\debug\vc142.idb
c:\users\leoqi\source\repos\comp371a2 - 副本\comp371a1\debug\sphere.obj
c:\users\leoqi\source\repos\comp371a2 - 副本\comp371a1\debug\shader.obj
c:\users\leoqi\source\repos\comp371a2 - 副本\comp371a1\debug\model.obj
c:\users\leoqi\source\repos\comp371a2 - 副本\comp371a1\debug\mesh.obj
c:\users\leoqi\source\repos\comp371a2 - 副本\comp371a1\debug\material.obj
c:\users\leoqi\source\repos\comp371a2 - 副本\comp371a1\debug\main.obj
c:\users\leoqi\source\repos\comp371a2 - 副本\comp371a1\debug\lightpoint.obj
c:\users\leoqi\source\repos\comp371a2\debug\comp371a2.exe
c:\users\leoqi\source\repos\comp371a2\comp371a1\debug\comp371a2.ilk
c:\users\leoqi\source\repos\comp371a2\debug\comp371a2.pdb
c:\users\leoqi\source\repos\comp371a2 - 副本\comp371a1\debug\comp371a2.ilk
c:\users\leoqi\source\repos\comp371a2 - 副本\debug\comp371a2.exe
c:\users\leoqi\source\repos\comp371a2 - 副本\debug\comp371a2.pdb
c:\users\leoqi\source\repos\comp371a2 - 副本\comp371a1\debug\comp371a2.tlog\cl.command.1.tlog
c:\users\leoqi\source\repos\comp371a2 - 副本\comp371a1\debug\comp371a2.tlog\cl.read.1.tlog
c:\users\leoqi\source\repos\comp371a2 - 副本\comp371a1\debug\comp371a2.tlog\cl.write.1.tlog
c:\users\leoqi\source\repos\comp371a2 - 副本\comp371a1\debug\comp371a2.tlog\link.command.1.tlog
c:\users\leoqi\source\repos\comp371a2 - 副本\comp371a1\debug\comp371a2.tlog\link.read.1.tlog
c:\users\leoqi\source\repos\comp371a2 - 副本\comp371a1\debug\comp371a2.tlog\link.write.1.tlog
